<?xml version="1.0" encoding="UTF-8"?>
<testsuite xmlns:xsi="http://www.w3.org/2001/XMLSchema-instance" xsi:noNamespaceSchemaLocation="https://maven.apache.org/surefire/maven-surefire-plugin/xsd/surefire-test-report-3.0.xsd" version="3.0" name="com.external.libb.AnotherLegacyDaoTest" time="1.924" tests="4" errors="0" skipped="0" failures="0">
  <properties>
[...]
</properties>
  <testcase name="testUpdateCustomerStatus" classname="com.external.libb.AnotherLegacyDaoTest" time="1.51">
    <system-err><![CDATA[九月 13, 2026 10:08:10 上午 org.springframework.test.context.TestContextManager retrieveTestExecutionListeners
資訊: Could not instantiate TestExecutionListener [org.springframework.test.context.web.ServletTestExecutionListener]. Specify custom listener classes or make the default listener classes (and their required dependencies) available. Offending class: [javax/servlet/ServletContext]
九月 13, 2026 10:08:10 上午 org.springframework.test.context.TestContextManager retrieveTestExecutionListeners
資訊: Could not instantiate TestExecutionListener [org.springframework.test.context.transaction.TransactionalTestExecutionListener]. Specify custom listener classes or make the default listener classes (and their required dependencies) available. Offending class: [org/springframework/transaction/interceptor/TransactionAttribute]
九月 13, 2026 10:08:10 上午 org.springframework.beans.factory.xml.XmlBeanDefinitionReader loadBeanDefinitions
資訊: Loading XML bean definitions from class path resource [applicationContext-libb.xml]
九月 13, 2026 10:08:10 上午 org.springframework.context.support.GenericApplicationContext prepareRefresh
資訊: Refreshing org.springframework.context.support.GenericApplicationContext@5649fd9b: startup date [Sun Sep 13 10:08:10 CST 2026]; root of context hierarchy
九月 13, 2026 10:08:10 上午 org.springframework.beans.factory.support.DefaultListableBeanFactory preInstantiateSingletons
資訊: Pre-instantiating singletons in org.springframework.beans.factory.support.DefaultListableBeanFactory@564718df: defining beans [anotherLegacyDao,anotherLegacyService,org.springframework.context.annotation.internalConfigurationAnnotationProcessor,org.springframework.context.annotation.internalAutowiredAnnotationProcessor,org.springframework.context.annotation.internalRequiredAnnotationProcessor,org.springframework.context.annotation.internalCommonAnnotationProcessor,org.springframework.context.annotation.ConfigurationClassPostProcessor.importAwareProcessor]; root of factory hierarchy
]]></system-err>
  </testcase>
  <testcase name="testSpringContextLoaded" classname="com.external.libb.AnotherLegacyDaoTest" time="0.0"/>
  <testcase name="testQueryInactiveCustomerCount" classname="com.external.libb.AnotherLegacyDaoTest" time="0.16"/>
  <testcase name="testServiceIntegrationWithDao" classname="com.external.libb.AnotherLegacyDaoTest" time="0.004">
    <system-out><![CDATA[=== [External JAR B] getInactiveCustomerCount called ===
]]></system-out>
  </testcase>
</testsuite>